mode: atomic
github.com/hideaki10/command-line/pkg/repo_manager/repo_manager.go:91.114,93.16 2 2
github.com/hideaki10/command-line/pkg/repo_manager/repo_manager.go:100.2,100.36 1 2
github.com/hideaki10/command-line/pkg/repo_manager/repo_manager.go:104.2,104.25 1 2
github.com/hideaki10/command-line/pkg/repo_manager/repo_manager.go:109.2,112.30 2 2
github.com/hideaki10/command-line/pkg/repo_manager/repo_manager.go:117.2,117.8 1 2
github.com/hideaki10/command-line/pkg/repo_manager/repo_manager.go:93.16,94.25 1 0
github.com/hideaki10/command-line/pkg/repo_manager/repo_manager.go:97.3,97.9 1 0
github.com/hideaki10/command-line/pkg/repo_manager/repo_manager.go:94.25,96.4 1 0
github.com/hideaki10/command-line/pkg/repo_manager/repo_manager.go:100.36,102.3 1 2
github.com/hideaki10/command-line/pkg/repo_manager/repo_manager.go:104.25,107.3 2 0
github.com/hideaki10/command-line/pkg/repo_manager/repo_manager.go:112.30,115.3 2 3
github.com/hideaki10/command-line/pkg/repo_manager/repo_manager.go:120.43,122.2 1 0
github.com/hideaki10/command-line/pkg/repo_manager/repo_manager.go:124.78,128.52 4 3
github.com/hideaki10/command-line/pkg/repo_manager/repo_manager.go:149.2,153.28 4 3
github.com/hideaki10/command-line/pkg/repo_manager/repo_manager.go:167.2,167.8 1 3
github.com/hideaki10/command-line/pkg/repo_manager/repo_manager.go:128.52,129.41 1 8
github.com/hideaki10/command-line/pkg/repo_manager/repo_manager.go:134.3,134.25 1 8
github.com/hideaki10/command-line/pkg/repo_manager/repo_manager.go:145.3,145.45 1 8
github.com/hideaki10/command-line/pkg/repo_manager/repo_manager.go:129.41,131.12 2 0
github.com/hideaki10/command-line/pkg/repo_manager/repo_manager.go:134.25,135.43 1 0
github.com/hideaki10/command-line/pkg/repo_manager/repo_manager.go:140.4,142.26 3 0
github.com/hideaki10/command-line/pkg/repo_manager/repo_manager.go:135.43,137.13 2 0
github.com/hideaki10/command-line/pkg/repo_manager/repo_manager.go:153.28,163.36 4 4
github.com/hideaki10/command-line/pkg/repo_manager/repo_manager.go:163.36,165.4 1 0
